{
  "RSpec": {
    "coverage": {
      "/Users/marcus/Projects/Makers Academy/Week10/bank-tech-test/spec/bank_account_spec.rb": [
        1,
        1,
        9,
        3,
        3,
        null,
        1,
        1,
        2,
        null,
        1,
        1,
        1,
        null,
        null,
        1,
        1,
        null,
        null,
        null,
        1,
        1,
        4,
        null,
        null,
        1,
        1,
        1,
        null,
        null,
        null,
        1,
        null,
        null,
        null,
        null,
        null,
        1,
        1,
        4,
        null,
        null,
        1,
        1,
        1,
        null,
        null,
        null,
        1,
        1,
        1,
        null,
        null,
        null,
        1,
        1,
        1,
        1,
        null,
        null,
        null,
        null,
        null,
        null,
        null,
        null,
        null,
        null
      ],
      "/Users/marcus/Projects/Makers Academy/Week10/bank-tech-test/lib/BankAccount.rb": [
        1,
        1,
        1,
        1,
        null,
        1,
        8,
        8,
        null,
        null,
        1,
        3,
        3,
        null,
        null,
        1,
        2,
        2,
        null,
        null,
        1,
        1,
        null,
        null,
        1,
        5,
        null,
        null,
        1,
        null
      ],
      "/Users/marcus/Projects/Makers Academy/Week10/bank-tech-test/lib/Transaction.rb": [
        1,
        1,
        1,
        null,
        1,
        9,
        9,
        9,
        9,
        null,
        null
      ],
      "/Users/marcus/Projects/Makers Academy/Week10/bank-tech-test/lib/Statement.rb": [
        1,
        1,
        1,
        1,
        1,
        1,
        null,
        0,
        null,
        null,
        null,
        null,
        1,
        3,
        null,
        null
      ],
      "/Users/marcus/Projects/Makers Academy/Week10/bank-tech-test/spec/statement_spec.rb": [
        1,
        1,
        null,
        1,
        3,
        2,
        2,
        1,
        1,
        2,
        null,
        null,
        null,
        1,
        1,
        1,
        null,
        null,
        1,
        1,
        null,
        null,
        null
      ],
      "/Users/marcus/Projects/Makers Academy/Week10/bank-tech-test/spec/transaction_spec.rb": [
        1,
        null,
        1,
        5,
        null,
        1,
        1,
        1,
        null,
        null,
        null,
        1,
        1,
        1,
        null,
        null,
        null,
        1,
        1,
        1,
        null,
        null,
        null,
        1,
        1,
        1,
        null,
        null,
        null,
        1,
        1,
        1,
        null,
        null,
        null
      ]
    },
    "timestamp": 1536674155
  }
}
