{
  "RSpec": {
    "coverage": {
      "/Users/marcus/Projects/Makers Academy/Week10/bank-tech-test/spec/bank_account_spec.rb": [
        1,
        1,
        6,
        3,
        2,
        null,
        2,
        null,
        1,
        1,
        1,
        null,
        null,
        null,
        1,
        1,
        4,
        null,
        null,
        null,
        1,
        1,
        1,
        4,
        null,
        null,
        null,
        1,
        1,
        1,
        null,
        null,
        null,
        1,
        1,
        1,
        1,
        null,
        null,
        null
      ],
      "/Users/marcus/Projects/Makers Academy/Week10/bank-tech-test/lib/BankAccount.rb": [
        1,
        1,
        null,
        1,
        null,
        1,
        5,
        null,
        null,
        1,
        2,
        null,
        null,
        1,
        1,
        null,
        null,
        1,
        1,
        null,
        null
      ],
      "/Users/marcus/Projects/Makers Academy/Week10/bank-tech-test/lib/Statement.rb": [
        1,
        null
      ]
    },
    "timestamp": 1536590392
  }
}
